<?xml version="1.0" encoding="UTF-8"?>
<coverage generated="1722412016332" clover="3.2.0">
  <project timestamp="1722412016332" name="All files">
    <metrics statements="2" coveredstatements="2" conditionals="2" coveredconditionals="2" methods="2" coveredmethods="2" elements="6" coveredelements="6" complexity="0" loc="2" ncloc="2" packages="1" files="1" classes="1"/>
    <file name="ErrorRepository.js" path="C:\Users\kolmy\OneDrive\Рабочий стол\map\src\ErrorRepository.js">
      <metrics statements="2" coveredstatements="2" conditionals="2" coveredconditionals="2" methods="2" coveredmethods="2"/>
      <line num="3" count="2" type="stmt"/>
      <line num="12" count="4" type="cond" truecount="2" falsecount="0"/>
    </file>
  </project>
</coverage>
