{"C:\\Users\\kolmy\\OneDrive\\Рабочий стол\\map\\src\\ErrorRepository.js": {"path":"C:\\Users\\kolmy\\OneDrive\\Рабочий стол\\map\\src\\ErrorRepository.js","statementMap":{"0":{"start":{"line":3,"column":6},"end":{"line":8,"column":9}},"1":{"start":{"line":12,"column":6},"end":{"line":12,"column":54}}},"fnMap":{"0":{"name":"(anonymous_0)","decl":{"start":{"line":2,"column":4},"end":{"line":2,"column":5}},"loc":{"start":{"line":2,"column":18},"end":{"line":9,"column":5}},"line":2},"1":{"name":"(anonymous_1)","decl":{"start":{"line":11,"column":4},"end":{"line":11,"column":5}},"loc":{"start":{"line":11,"column":20},"end":{"line":13,"column":5}},"line":11}},"branchMap":{"0":{"loc":{"start":{"line":12,"column":13},"end":{"line":12,"column":53}},"type":"binary-expr","locations":[{"start":{"line":12,"column":13},"end":{"line":12,"column":34}},{"start":{"line":12,"column":38},"end":{"line":12,"column":53}}],"line":12}},"s":{"0":2,"1":4},"f":{"0":2,"1":4},"b":{"0":[4,1]},"_coverageSchema":"1a1c01bbd47fc00a2c39e90264f33305004495a9","hash":"276344c630c32f99e0a43774c6a817caa6ad0a81"}
}
